<?xml version="1.0" encoding="UTF-8" ?>
<testsuite tests="3" failures="3" name="TestSuite" time="13.078" errors="0" skipped="0">
  <properties>
[...]
</properties>
  <testcase classname="com.automation.test.TC001_CreateNewCompany_Test" name="TC001_CreateNewCompany" time="4.217">
    <failure type="java.lang.NullPointerException">java.lang.NullPointerException
	at com.automation.pages.HomePage.clickNewCompanylink(HomePage.java:118)
	at com.automation.test.TC001_CreateNewCompany_Test.TC001_CreateNewCompany(TC001_CreateNewCompany_Test.java:29)
</failure>
    <system-out>Configuring TestNG with: org.apache.maven.surefire.testng.conf.TestNG652Configurator@1c2c22f3
Report Path is --&gt; D:\AK\Java\Workspace\AutoWeb\AutomationResources\Report
==== Report file Path is ===&gt;D:\AK\Java\Workspace\AutoWeb\AutomationResources\Report\AutomationReport.html
Chrome PAthD:\AK\Java\Workspace\AutoWeb\AutomationResources\Drivers\chromedriver.exe
URL is https://www.crmpro.com
URL is https://www.crmpro.com
User Name is anil4684
Password is Ocwen@036
---&gt; Waiting for Element[[ChromeDriver: chrome on XP (5bab33d487ef3dddd751f1955c9fd9ed)] -&gt; xpath: //input[@type=&apos;submit&apos;]]
Max Pool is 60
Poll time  is 10
Clicking on NEW COMPANY
YES I HAVE CLIKCED on NEW COMPANY
</system-out>
    <system-err>Starting ChromeDriver 2.30.477700 (0057494ad8732195794a7b32078424f92a5fce41) on port 20487
Only local connections are allowed.
log4j:WARN No appenders could be found for logger (org.apache.http.client.protocol.RequestAddCookies).
log4j:WARN Please initialize the log4j system properly.
log4j:WARN See http://logging.apache.org/log4j/1.2/faq.html#noconfig for more info.
</system-err>
  </testcase>
  <testcase classname="com.automation.test.TC002_Deals_Test" name="TC002_Deals" time="5.351">
    <failure type="java.lang.NullPointerException">java.lang.NullPointerException
	at com.automation.pages.HomePage.clickDealsNewDeal(HomePage.java:138)
	at com.automation.test.TC002_Deals_Test.TC002_Deals(TC002_Deals_Test.java:24)
</failure>
    <system-out>Chrome PAthD:\AK\Java\Workspace\AutoWeb\AutomationResources\Drivers\chromedriver.exe
URL is https://www.crmpro.com
URL is https://www.crmpro.com
User Name is anil4684
Password is Ocwen@036
---&gt; Waiting for Element[[ChromeDriver: chrome on XP (e46de6ef627f2e518f0761f8d8e7f4c6)] -&gt; xpath: //input[@type=&apos;submit&apos;]]
Max Pool is 60
Poll time  is 10
</system-out>
    <system-err>Starting ChromeDriver 2.30.477700 (0057494ad8732195794a7b32078424f92a5fce41) on port 13066
Only local connections are allowed.
</system-err>
  </testcase>
  <testcase classname="com.automation.test.TC003_Report_Test" name="TC003_Report" time="3.51">
    <failure type="java.lang.NullPointerException">java.lang.NullPointerException
	at com.automation.pages.HomePage.clickReportlink(HomePage.java:146)
	at com.automation.test.TC003_Report_Test.TC003_Report(TC003_Report_Test.java:24)
</failure>
    <system-out>Chrome PAthD:\AK\Java\Workspace\AutoWeb\AutomationResources\Drivers\chromedriver.exe
URL is https://www.crmpro.com
URL is https://www.crmpro.com
User Name is anil4684
Password is Ocwen@036
---&gt; Waiting for Element[[ChromeDriver: chrome on XP (a226e0a37e33c7d039cd5fa29ddb6bbc)] -&gt; xpath: //input[@type=&apos;submit&apos;]]
Max Pool is 60
Poll time  is 10
</system-out>
    <system-err>Starting ChromeDriver 2.30.477700 (0057494ad8732195794a7b32078424f92a5fce41) on port 24892
Only local connections are allowed.
</system-err>
  </testcase>
</testsuite>