<?xml version="1.0" encoding="UTF-8"?>
<testng-results skipped="0" failed="0" total="1" passed="1">
  <reporter-output>
  </reporter-output>
  <suite name="TestSuite" duration-ms="37830" started-at="2018-01-03T16:58:59Z" finished-at="2018-01-03T16:59:37Z">
    <groups>
    </groups>
    <test name="SampleTest" duration-ms="37830" started-at="2018-01-03T16:58:59Z" finished-at="2018-01-03T16:59:37Z">
      <class name="com.automation.test.TC001_CreateNewCompany_Test">
        <test-method status="PASS" signature="extentReport()[pri:0, instance:com.automation.test.TC001_CreateNewCompany_Test@52a86356]" name="extentReport" is-config="true" duration-ms="343" started-at="2018-01-03T22:28:59Z" finished-at="2018-01-03T22:28:59Z">
          <reporter-output>
          </reporter-output>
        </test-method> <!-- extentReport -->
        <test-method status="PASS" signature="beforeMethod()[pri:0, instance:com.automation.test.TC001_CreateNewCompany_Test@52a86356]" name="beforeMethod" is-config="true" duration-ms="28227" started-at="2018-01-03T22:28:59Z" finished-at="2018-01-03T22:29:27Z">
          <reporter-output>
          </reporter-output>
        </test-method> <!-- beforeMethod -->
        <test-method status="PASS" signature="TC001_CreateNewCompany()[pri:0, instance:com.automation.test.TC001_CreateNewCompany_Test@52a86356]" name="TC001_CreateNewCompany" duration-ms="8142" started-at="2018-01-03T22:29:27Z" finished-at="2018-01-03T22:29:35Z">
          <reporter-output>
          </reporter-output>
        </test-method> <!-- TC001_CreateNewCompany -->
        <test-method status="PASS" signature="afterMethod()[pri:0, instance:com.automation.test.TC001_CreateNewCompany_Test@52a86356]" name="afterMethod" is-config="true" duration-ms="1435" started-at="2018-01-03T22:29:35Z" finished-at="2018-01-03T22:29:37Z">
          <reporter-output>
          </reporter-output>
        </test-method> <!-- afterMethod -->
        <test-method status="PASS" signature="afterClass()[pri:0, instance:com.automation.test.TC001_CreateNewCompany_Test@52a86356]" name="afterClass" is-config="true" duration-ms="2" started-at="2018-01-03T22:29:37Z" finished-at="2018-01-03T22:29:37Z">
          <reporter-output>
          </reporter-output>
        </test-method> <!-- afterClass -->
        <test-method status="PASS" signature="afterSuite()[pri:0, instance:com.automation.test.TC001_CreateNewCompany_Test@52a86356]" name="afterSuite" is-config="true" duration-ms="509" started-at="2018-01-03T22:29:37Z" finished-at="2018-01-03T22:29:37Z">
          <reporter-output>
          </reporter-output>
        </test-method> <!-- afterSuite -->
      </class> <!-- com.automation.test.TC001_CreateNewCompany_Test -->
    </test> <!-- SampleTest -->
  </suite> <!-- TestSuite -->
</testng-results>
